<?xml version="1.0" encoding="UTF-8"?>
<!-- Generated by org.testng.reporters.JUnitReportReporter -->
<testsuite hostname="hp" name="P_22_09_2015.AlertHandling" tests="1" failures="0" timestamp="11 Oct 2015 13:18:32 GMT" time="16.121" errors="0">
  <testcase name="alerthandling" time="16.121" classname="P_22_09_2015.AlertHandling"/>
</testsuite> <!-- P_22_09_2015.AlertHandling -->
