<?xml version="1.0" encoding="UTF-8"?>
<!-- Generated by org.testng.reporters.JUnitReportReporter -->
<testsuite hostname="hp" name="P_22_09_2015.WebTable_Calender" tests="1" failures="0" timestamp="30 Sep 2015 17:54:20 GMT" time="25.920" errors="0">
  <testcase name="webtabletest" time="25.920" classname="P_22_09_2015.WebTable_Calender"/>
</testsuite> <!-- P_22_09_2015.WebTable_Calender -->
