<?xml version="1.0" encoding="UTF-8"?>
<!-- Generated by org.testng.reporters.JUnitReportReporter -->
<testsuite hostname="hp" name="Practice.GoogleNews" tests="1" failures="0" timestamp="25 Sep 2015 15:39:46 GMT" time="19.708" errors="0">
  <testcase name="news" time="19.708" classname="Practice.GoogleNews"/>
</testsuite> <!-- Practice.GoogleNews -->
