<?xml version="1.0" encoding="UTF-8"?>
<!-- Generated by org.testng.reporters.JUnitReportReporter -->
<testsuite hostname="hp" name="P_22_09_2015.CheckElementPresence" tests="1" failures="0" timestamp="25 Sep 2015 06:55:05 GMT" time="8.368" errors="0">
  <testcase name="elementpresencetest" time="8.368" classname="P_22_09_2015.CheckElementPresence"/>
</testsuite> <!-- P_22_09_2015.CheckElementPresence -->
