<?xml version="1.0" encoding="UTF-8"?>
<!-- Generated by org.testng.reporters.JUnitReportReporter -->
<testsuite hostname="hp" name="P_22_09_2015.Webtabletesting" tests="1" failures="0" timestamp="29 Sep 2015 17:51:16 GMT" time="15.807" errors="0">
  <testcase name="webtabletest" time="15.807" classname="P_22_09_2015.Webtabletesting"/>
</testsuite> <!-- P_22_09_2015.Webtabletesting -->
