<?xml version="1.0" encoding="UTF-8"?>
<!-- Generated by org.testng.reporters.JUnitReportReporter -->
<testsuite hostname="hp" name="P_22_09_2015.MouseHover" tests="1" failures="0" timestamp="28 Sep 2015 17:15:46 GMT" time="15.720" errors="0">
  <testcase name="mousehovertest" time="15.720" classname="P_22_09_2015.MouseHover"/>
</testsuite> <!-- P_22_09_2015.MouseHover -->
