<?xml version="1.0" encoding="UTF-8"?>
<!-- Generated by org.testng.reporters.JUnitReportReporter -->
<testsuite hostname="hp" name="Framework.DataDrivenTesting" tests="1" failures="0" timestamp="2 Oct 2015 07:38:38 GMT" time="74.523" errors="0">
  <testcase name="datadriventest" time="74.523" classname="Framework.DataDrivenTesting"/>
</testsuite> <!-- Framework.DataDrivenTesting -->
