<?xml version="1.0" encoding="UTF-8"?>
<!-- Generated by org.testng.reporters.JUnitReportReporter -->
<testsuite hostname="hp" name="Excelprograms.WebtableExcel" tests="1" failures="0" timestamp="1 Oct 2015 18:24:18 GMT" time="19.159" errors="0">
  <testcase name="webtable" time="19.159" classname="Excelprograms.WebtableExcel"/>
</testsuite> <!-- Excelprograms.WebtableExcel -->
