<?xml version="1.0" encoding="UTF-8"?>
<!-- Generated by org.testng.reporters.JUnitReportReporter -->
<testsuite hostname="hp" name="P_22_09_2015.DataDrivenTesting_DB" tests="1" failures="0" timestamp="9 Oct 2015 16:35:56 GMT" time="23.803" errors="0">
  <testcase name="linktest" time="23.803" classname="P_22_09_2015.DataDrivenTesting_DB"/>
</testsuite> <!-- P_22_09_2015.DataDrivenTesting_DB -->
