<?xml version="1.0" encoding="UTF-8"?>
<!-- Generated by org.testng.reporters.JUnitReportReporter -->
<testsuite hostname="hp" name="P_22_09_2015.AjaxAutoSuggestion" tests="1" failures="0" timestamp="11 Oct 2015 13:03:03 GMT" time="12.846" errors="0">
  <testcase name="ajaxtest" time="12.846" classname="P_22_09_2015.AjaxAutoSuggestion"/>
</testsuite> <!-- P_22_09_2015.AjaxAutoSuggestion -->
