<?xml version="1.0" encoding="UTF-8"?>
<!-- Generated by org.testng.reporters.JUnitReportReporter -->
<testsuite hostname="hp" name="DropDownTesting" tests="1" failures="0" timestamp="22 Sep 2015 10:47:15 GMT" time="48.778" errors="0">
  <testcase name="dropdown" time="48.778" classname="DropDownTesting"/>
</testsuite> <!-- DropDownTesting -->
