<?xml version="1.0" encoding="UTF-8"?>
<!-- Generated by org.testng.reporters.JUnitReportReporter -->
<testsuite hostname="hp" name="P_22_09_2015.Webtabletesting1" tests="1" failures="0" timestamp="29 Sep 2015 18:13:11 GMT" time="33.555" errors="0">
  <testcase name="webtabletesting" time="33.555" classname="P_22_09_2015.Webtabletesting1"/>
</testsuite> <!-- P_22_09_2015.Webtabletesting1 -->
