<?xml version="1.0" encoding="UTF-8"?>
<!-- Generated by org.testng.reporters.JUnitReportReporter -->
<testsuite hostname="hp" name="Framework.DataDrivenTesting1" tests="1" failures="0" timestamp="2 Oct 2015 08:06:55 GMT" time="21.504" errors="0">
  <testcase name="datadriventesting" time="21.504" classname="Framework.DataDrivenTesting1"/>
</testsuite> <!-- Framework.DataDrivenTesting1 -->
