<?xml version="1.0" encoding="UTF-8"?>
<!-- Generated by org.testng.reporters.JUnitReportReporter -->
<testsuite hostname="hp" name="way2automate.Draganddrop" tests="1" failures="0" timestamp="12 Oct 2015 16:07:25 GMT" time="14.201" errors="0">
  <testcase name="droppable" time="14.201" classname="way2automate.Draganddrop"/>
</testsuite> <!-- way2automate.Draganddrop -->
