<?xml version="1.0" encoding="UTF-8"?>
<!-- Generated by org.testng.reporters.JUnitReportReporter -->
<testsuite hostname="hp" name="P_22_09_2015.XpathCreation2" tests="1" failures="0" timestamp="22 Sep 2015 18:48:04 GMT" time="14.047" errors="0">
  <testcase name="xpathTest" time="14.047" classname="P_22_09_2015.XpathCreation2"/>
</testsuite> <!-- P_22_09_2015.XpathCreation2 -->
