<?xml version="1.0" encoding="UTF-8"?>
<!-- Generated by org.testng.reporters.JUnitReportReporter -->
<testsuite hostname="hp" name="P_22_09_2015.FrameTesting" tests="1" failures="0" timestamp="26 Sep 2015 18:01:12 GMT" time="143.207" errors="0">
  <testcase name="frametest" time="143.207" classname="P_22_09_2015.FrameTesting"/>
</testsuite> <!-- P_22_09_2015.FrameTesting -->
