<?xml version="1.0" encoding="UTF-8"?>
<!-- Generated by org.testng.reporters.JUnitReportReporter -->
<testsuite hostname="hp" name="Framework.DataDrivenTesting3" tests="1" failures="0" timestamp="3 Oct 2015 17:10:00 GMT" time="21.825" errors="0">
  <testcase name="ajaxtest" time="21.825" classname="Framework.DataDrivenTesting3"/>
</testsuite> <!-- Framework.DataDrivenTesting3 -->
