<?xml version="1.0" encoding="UTF-8"?>
<!-- Generated by org.testng.reporters.JUnitReportReporter -->
<testsuite hostname="hp" name="day1.Links" tests="1" failures="0" timestamp="12 Oct 2015 14:11:32 GMT" time="53.205" errors="0">
  <testcase name="linkTest" time="53.205" classname="day1.Links"/>
</testsuite> <!-- day1.Links -->
