<?xml version="1.0" encoding="UTF-8"?>
<!-- Generated by org.testng.reporters.JUnitReportReporter -->
<testsuite hostname="hp" name="P_22_09_2015.Checkboxtesting1" tests="1" failures="0" timestamp="25 Sep 2015 07:15:41 GMT" time="24.162" errors="0">
  <testcase name="checkedtesting" time="24.162" classname="P_22_09_2015.Checkboxtesting1"/>
</testsuite> <!-- P_22_09_2015.Checkboxtesting1 -->
