<?xml version="1.0" encoding="UTF-8"?>
<!-- Generated by org.testng.reporters.JUnitReportReporter -->
<testsuite hostname="hp" name="P_22_09_2015.WebTableTesting3" tests="1" failures="0" timestamp="29 Sep 2015 18:24:07 GMT" time="21.450" errors="0">
  <testcase name="webtabletest" time="21.450" classname="P_22_09_2015.WebTableTesting3"/>
</testsuite> <!-- P_22_09_2015.WebTableTesting3 -->
