<?xml version="1.0" encoding="UTF-8"?>
<!-- Generated by org.testng.reporters.JUnitReportReporter -->
<testsuite hostname="hp" name="P_22_09_2015.Capturinglinksandimages" tests="1" failures="0" timestamp="24 Sep 2015 07:54:19 GMT" time="56.146" errors="0">
  <testcase name="imagesandlinksTst" time="56.146" classname="P_22_09_2015.Capturinglinksandimages"/>
</testsuite> <!-- P_22_09_2015.Capturinglinksandimages -->
