<?xml version="1.0" encoding="UTF-8"?>
<!-- Generated by org.testng.reporters.JUnitReportReporter -->
<testsuite hostname="hp" name="Excelprograms.ExcelWorldClock" tests="1" failures="0" timestamp="1 Oct 2015 18:26:34 GMT" time="18.614" errors="0">
  <testcase name="webtabletest" time="18.614" classname="Excelprograms.ExcelWorldClock"/>
</testsuite> <!-- Excelprograms.ExcelWorldClock -->
