<?xml version="1.0" encoding="UTF-8"?>
<!-- Generated by org.testng.reporters.JUnitReportReporter -->
<testsuite hostname="hp" name="day1.Login" tests="1" failures="0" timestamp="12 Oct 2015 14:11:32 GMT" time="1.985" errors="0">
  <testcase name="loginTest" time="1.985" classname="day1.Login"/>
</testsuite> <!-- day1.Login -->
