<?xml version="1.0" encoding="UTF-8"?>
<!-- Generated by org.testng.reporters.JUnitReportReporter -->
<testsuite hostname="hp" name="P_22_09_2015.Checkboxtesting" tests="1" failures="0" timestamp="25 Sep 2015 07:08:31 GMT" time="58.253" errors="0">
  <testcase name="checkboxtest" time="58.253" classname="P_22_09_2015.Checkboxtesting"/>
</testsuite> <!-- P_22_09_2015.Checkboxtesting -->
