<?xml version="1.0" encoding="UTF-8"?>
<!-- Generated by org.testng.reporters.JUnitReportReporter -->
<testsuite hostname="hp" name="P_22_09_2015.DroppableTest" tests="1" failures="0" timestamp="28 Sep 2015 17:33:23 GMT" time="29.368" errors="0">
  <testcase name="droppableTest" time="29.368" classname="P_22_09_2015.DroppableTest"/>
</testsuite> <!-- P_22_09_2015.DroppableTest -->
