<?xml version="1.0" encoding="UTF-8"?>
<!-- Generated by org.testng.reporters.JUnitReportReporter -->
<testsuite hostname="hp" name="P_22_09_2015.XpathCreation1" tests="1" failures="0" timestamp="22 Sep 2015 18:19:21 GMT" time="20.718" errors="0">
  <testcase name="xpathtest" time="20.718" classname="P_22_09_2015.XpathCreation1"/>
</testsuite> <!-- P_22_09_2015.XpathCreation1 -->
