<?xml version="1.0" encoding="UTF-8"?>
<!-- Generated by org.testng.reporters.JUnitReportReporter -->
<testsuite hostname="hp" name="P_22_09_2015.LoginUsingkeywords" tests="1" failures="0" timestamp="5 Oct 2015 18:00:57 GMT" time="16.224" errors="0">
  <testcase name="loginTest" time="16.224" classname="P_22_09_2015.LoginUsingkeywords"/>
</testsuite> <!-- P_22_09_2015.LoginUsingkeywords -->
