<?xml version="1.0" encoding="UTF-8"?>
<!-- Generated by org.testng.reporters.JUnitReportReporter -->
<testsuite hostname="hp" name="Practice.ImplicitWait" tests="1" failures="0" timestamp="26 Sep 2015 17:18:36 GMT" time="35.125" errors="0">
  <testcase name="waittest" time="35.125" classname="Practice.ImplicitWait"/>
</testsuite> <!-- Practice.ImplicitWait -->
