<?xml version="1.0" encoding="UTF-8"?>
<!-- Generated by org.testng.reporters.JUnitReportReporter -->
<testsuite hostname="hp" name="P_22_09_2015.RightClick" tests="1" failures="0" timestamp="28 Sep 2015 17:22:01 GMT" time="31.767" errors="0">
  <testcase name="rightclicktest" time="31.767" classname="P_22_09_2015.RightClick"/>
</testsuite> <!-- P_22_09_2015.RightClick -->
