<?xml version="1.0" encoding="UTF-8"?>
<!-- Generated by org.testng.reporters.JUnitReportReporter -->
<testsuite hostname="hp" name="P_22_09_2015.MultipleWindows1" tests="1" failures="0" timestamp="26 Sep 2015 17:50:11 GMT" time="31.395" errors="0">
  <testcase name="multiplewindowtest" time="31.395" classname="P_22_09_2015.MultipleWindows1"/>
</testsuite> <!-- P_22_09_2015.MultipleWindows1 -->
