<?xml version="1.0" encoding="UTF-8"?>
<!-- Generated by org.testng.reporters.JUnitReportReporter -->
<testsuite hostname="hp" name="P_22_09_2015.Implicitwait" tests="1" failures="0" timestamp="24 Sep 2015 07:19:30 GMT" time="72.159" errors="0">
  <testcase name="waitTest" time="72.159" classname="P_22_09_2015.Implicitwait"/>
</testsuite> <!-- P_22_09_2015.Implicitwait -->
