<?xml version="1.0" encoding="UTF-8"?>
<!-- Generated by org.testng.reporters.JUnitReportReporter -->
<testsuite hostname="hp" name="P_22_09_2015.Explicitwait_fluentwait" tests="1" failures="0" timestamp="24 Sep 2015 07:49:05 GMT" time="68.472" errors="0">
  <testcase name="waittest" time="68.472" classname="P_22_09_2015.Explicitwait_fluentwait"/>
</testsuite> <!-- P_22_09_2015.Explicitwait_fluentwait -->
