<?xml version="1.0" encoding="UTF-8"?>
<!-- Generated by org.testng.reporters.JUnitReportReporter -->
<testsuite hostname="hp" name="P_22_09_2015.CookieTest" tests="1" failures="0" timestamp="28 Sep 2015 18:23:55 GMT" time="83.508" errors="0">
  <testcase name="cookietest" time="83.508" classname="P_22_09_2015.CookieTest"/>
</testsuite> <!-- P_22_09_2015.CookieTest -->
