<?xml version="1.0" encoding="UTF-8"?>
<!-- Generated by org.testng.reporters.JUnitReportReporter -->
<testsuite hostname="hp" name="P_22_09_2015.Radiobuttons" tests="1" failures="0" timestamp="22 Sep 2015 11:03:17 GMT" time="20.936" errors="0">
  <testcase name="radiobuttontesting" time="20.936" classname="P_22_09_2015.Radiobuttons"/>
</testsuite> <!-- P_22_09_2015.Radiobuttons -->
