<?xml version="1.0" encoding="UTF-8"?>
<!-- Generated by org.testng.reporters.JUnitReportReporter -->
<testsuite hostname="hp" name="Framework.DatadrivernTesting2" tests="1" failures="0" timestamp="3 Oct 2015 16:51:15 GMT" time="21.661" errors="0">
  <testcase name="linktest" time="21.661" classname="Framework.DatadrivernTesting2"/>
</testsuite> <!-- Framework.DatadrivernTesting2 -->
