<?xml version="1.0" encoding="UTF-8"?>
<!-- Generated by org.testng.reporters.JUnitReportReporter -->
<testsuite hostname="hp" name="Practice.RadioButton" tests="1" failures="0" timestamp="25 Sep 2015 15:11:30 GMT" time="27.257" errors="0">
  <testcase name="radiobuttontest" time="27.257" classname="Practice.RadioButton"/>
</testsuite> <!-- Practice.RadioButton -->
