<?xml version="1.0" encoding="UTF-8"?>
<!-- Generated by org.testng.reporters.JUnitReportReporter -->
<testsuite hostname="hp" name="P_22_09_2015.Xplicitwait" tests="1" failures="0" timestamp="24 Sep 2015 07:29:14 GMT" time="50.580" errors="0">
  <testcase name="xplicitwaittest" time="50.580" classname="P_22_09_2015.Xplicitwait"/>
</testsuite> <!-- P_22_09_2015.Xplicitwait -->
