<?xml version="1.0" encoding="UTF-8"?>
<!-- Generated by org.testng.reporters.JUnitReportReporter -->
<testsuite hostname="hp" name="P_22_09_2015.Multidropdownselection" tests="1" failures="0" timestamp="3 Oct 2015 17:41:37 GMT" time="10.572" errors="0">
  <testcase name="multidroptest" time="10.572" classname="P_22_09_2015.Multidropdownselection"/>
</testsuite> <!-- P_22_09_2015.Multidropdownselection -->
