<?xml version="1.0" encoding="UTF-8"?>
<!-- Generated by org.testng.reporters.JUnitReportReporter -->
<testsuite hostname="hp" name="P_22_09_2015.Loginusingreflections" tests="1" failures="0" timestamp="5 Oct 2015 17:43:59 GMT" time="13.686" errors="0">
  <testcase name="logintest" time="13.686" classname="P_22_09_2015.Loginusingreflections"/>
</testsuite> <!-- P_22_09_2015.Loginusingreflections -->
