<?xml version="1.0" encoding="UTF-8"?>
<!-- Generated by org.testng.reporters.JUnitReportReporter -->
<testsuite hostname="hp" name="P_22_09_2015.MultipleWindows" tests="1" failures="0" timestamp="26 Sep 2015 17:29:13 GMT" time="28.713" errors="0">
  <testcase name="multiplewindows" time="28.713" classname="P_22_09_2015.MultipleWindows"/>
</testsuite> <!-- P_22_09_2015.MultipleWindows -->
