<?xml version="1.0" encoding="UTF-8"?>
<!-- Generated by org.testng.reporters.JUnitReportReporter -->
<testsuite hostname="hp" name="P_22_09_2015.LoginUserProperties" tests="1" failures="0" timestamp="5 Oct 2015 17:54:02 GMT" time="19.528" errors="0">
  <testcase name="loginTest" time="19.528" classname="P_22_09_2015.LoginUserProperties"/>
</testsuite> <!-- P_22_09_2015.LoginUserProperties -->
